# JRE version: OpenJDK Runtime Environment (8.0_222-b10) (build 1.8.0_222-8u222-b10-1ubuntu1~18.04.1-b10)
# Java VM: OpenJDK 64-Bit Server VM (25.222-b10 mixed mode linux-amd64 compressed oops)
Heap:
 PSYoungGen      total 274944K, used 151351K [0x00000000d7180000, 0x00000000ea100000, 0x0000000100000000)
  eden space 264704K, 53% used [0x00000000d7180000,0x00000000dfb55100,0x00000000e7400000)
  from space 10240K, 99% used [0x00000000e9700000,0x00000000ea0f8bf8,0x00000000ea100000)
  to   space 11264K, 0% used [0x00000000e8b00000,0x00000000e8b00000,0x00000000e9600000)
 ParOldGen       total 72704K, used 11323K [0x0000000085400000, 0x0000000089b00000, 0x00000000d7180000)
  object space 72704K, 15% used [0x0000000085400000,0x0000000085f0ee70,0x0000000089b00000)
 Metaspace       used 49892K, capacity 51686K, committed 51840K, reserved 1093632K
  class space    used 6615K, capacity 6961K, committed 7040K, reserved 1048576K
GC Heap History (10 events):
Event: 5,333 GC heap before
{Heap before GC invocations=8 (full 1):
 PSYoungGen      total 132096K, used 125440K [0x00000000d7180000, 0x00000000dfd80000, 0x0000000100000000)
  eden space 125440K, 100% used [0x00000000d7180000,0x00000000dec00000,0x00000000dec00000)
  from space 6656K, 0% used [0x00000000df400000,0x00000000df400000,0x00000000dfa80000)
  to   space 8192K, 0% used [0x00000000dec00000,0x00000000dec00000,0x00000000df400000)
 ParOldGen       total 51712K, used 6960K [0x0000000085400000, 0x0000000088680000, 0x00000000d7180000)
  object space 51712K, 13% used [0x0000000085400000,0x0000000085acc198,0x0000000088680000)
 Metaspace       used 26327K, capacity 27242K, committed 27264K, reserved 1073152K
  class space    used 3230K, capacity 3435K, committed 3456K, reserved 1048576K
Event: 5,344 GC heap after
Heap after GC invocations=8 (full 1):
 PSYoungGen      total 133632K, used 6977K [0x00000000d7180000, 0x00000000e4680000, 0x0000000100000000)
  eden space 125440K, 0% used [0x00000000d7180000,0x00000000d7180000,0x00000000dec00000)
  from space 8192K, 85% used [0x00000000dec00000,0x00000000df2d0578,0x00000000df400000)
  to   space 8704K, 0% used [0x00000000e3e00000,0x00000000e3e00000,0x00000000e4680000)
 ParOldGen       total 51712K, used 6968K [0x0000000085400000, 0x0000000088680000, 0x00000000d7180000)
  object space 51712K, 13% used [0x0000000085400000,0x0000000085ace198,0x0000000088680000)
 Metaspace       used 26327K, capacity 27242K, committed 27264K, reserved 1073152K
  class space    used 3230K, capacity 3435K, committed 3456K, reserved 1048576K
}
Event: 7,375 GC heap before
{Heap before GC invocations=9 (full 1):
 PSYoungGen      total 133632K, used 132417K [0x00000000d7180000, 0x00000000e4680000, 0x0000000100000000)
  eden space 125440K, 100% used [0x00000000d7180000,0x00000000dec00000,0x00000000dec00000)
  from space 8192K, 85% used [0x00000000dec00000,0x00000000df2d0578,0x00000000df400000)
  to   space 8704K, 0% used [0x00000000e3e00000,0x00000000e3e00000,0x00000000e4680000)
 ParOldGen       total 51712K, used 6968K [0x0000000085400000, 0x0000000088680000, 0x00000000d7180000)
  object space 51712K, 13% used [0x0000000085400000,0x0000000085ace198,0x0000000088680000)
 Metaspace       used 33172K, capacity 34258K, committed 34560K, reserved 1079296K
  class space    used 4040K, capacity 4269K, committed 4352K, reserved 1048576K
Event: 7,395 GC heap after
Heap after GC invocations=9 (full 1):
 PSYoungGen      total 205824K, used 8677K [0x00000000d7180000, 0x00000000e4680000, 0x0000000100000000)
  eden space 197120K, 0% used [0x00000000d7180000,0x00000000d7180000,0x00000000e3200000)
  from space 8704K, 99% used [0x00000000e3e00000,0x00000000e4679570,0x00000000e4680000)
  to   space 10240K, 0% used [0x00000000e3280000,0x00000000e3280000,0x00000000e3c80000)
 ParOldGen       total 51712K, used 8034K [0x0000000085400000, 0x0000000088680000, 0x00000000d7180000)
  object space 51712K, 15% used [0x0000000085400000,0x0000000085bd88b0,0x0000000088680000)
 Metaspace       used 33172K, capacity 34258K, committed 34560K, reserved 1079296K
  class space    used 4040K, capacity 4269K, committed 4352K, reserved 1048576K
}
Event: 7,620 GC heap before
{Heap before GC invocations=10 (full 1):
 PSYoungGen      total 205824K, used 28607K [0x00000000d7180000, 0x00000000e4680000, 0x0000000100000000)
  eden space 197120K, 10% used [0x00000000d7180000,0x00000000d84f6760,0x00000000e3200000)
  from space 8704K, 99% used [0x00000000e3e00000,0x00000000e4679570,0x00000000e4680000)
  to   space 10240K, 0% used [0x00000000e3280000,0x00000000e3280000,0x00000000e3c80000)
 ParOldGen       total 51712K, used 8034K [0x0000000085400000, 0x0000000088680000, 0x00000000d7180000)
  object space 51712K, 15% used [0x0000000085400000,0x0000000085bd88b0,0x0000000088680000)
 Metaspace       used 34305K, capacity 35386K, committed 35456K, reserved 1081344K
  class space    used 4190K, capacity 4431K, committed 4480K, reserved 1048576K
Event: 7,652 GC heap after
Heap after GC invocations=10 (full 1):
 PSYoungGen      total 207872K, used 6421K [0x00000000d7180000, 0x00000000ea100000, 0x0000000100000000)
  eden space 197632K, 0% used [0x00000000d7180000,0x00000000d7180000,0x00000000e3280000)
  from space 10240K, 62% used [0x00000000e3280000,0x00000000e38c5668,0x00000000e3c80000)
  to   space 10240K, 0% used [0x00000000e9700000,0x00000000e9700000,0x00000000ea100000)
 ParOldGen       total 51712K, used 8042K [0x0000000085400000, 0x0000000088680000, 0x00000000d7180000)
  object space 51712K, 15% used [0x0000000085400000,0x0000000085bda8b0,0x0000000088680000)
 Metaspace       used 34305K, capacity 35386K, committed 35456K, reserved 1081344K
  class space    used 4190K, capacity 4431K, committed 4480K, reserved 1048576K
}
Event: 7,652 GC heap before
{Heap before GC invocations=11 (full 2):
 PSYoungGen      total 207872K, used 6421K [0x00000000d7180000, 0x00000000ea100000, 0x0000000100000000)
  eden space 197632K, 0% used [0x00000000d7180000,0x00000000d7180000,0x00000000e3280000)
  from space 10240K, 62% used [0x00000000e3280000,0x00000000e38c5668,0x00000000e3c80000)
  to   space 10240K, 0% used [0x00000000e9700000,0x00000000e9700000,0x00000000ea100000)
 ParOldGen       total 51712K, used 8042K [0x0000000085400000, 0x0000000088680000, 0x00000000d7180000)
  object space 51712K, 15% used [0x0000000085400000,0x0000000085bda8b0,0x0000000088680000)
 Metaspace       used 34305K, capacity 35386K, committed 35456K, reserved 1081344K
  class space    used 4190K, capacity 4431K, committed 4480K, reserved 1048576K
Event: 7,797 GC heap after
Heap after GC invocations=11 (full 2):
 PSYoungGen      total 207872K, used 0K [0x00000000d7180000, 0x00000000ea100000, 0x0000000100000000)
  eden space 197632K, 0% used [0x00000000d7180000,0x00000000d7180000,0x00000000e3280000)
  from space 10240K, 0% used [0x00000000e3280000,0x00000000e3280000,0x00000000e3c80000)
  to   space 10240K, 0% used [0x00000000e9700000,0x00000000e9700000,0x00000000ea100000)
 ParOldGen       total 72704K, used 10913K [0x0000000085400000, 0x0000000089b00000, 0x00000000d7180000)
  object space 72704K, 15% used [0x0000000085400000,0x0000000085ea8760,0x0000000089b00000)
 Metaspace       used 34305K, capacity 35386K, committed 35456K, reserved 1081344K
  class space    used 4190K, capacity 4431K, committed 4480K, reserved 1048576K
}
Event: 10,193 GC heap before
{Heap before GC invocations=12 (full 2):
 PSYoungGen      total 207872K, used 197632K [0x00000000d7180000, 0x00000000ea100000, 0x0000000100000000)
  eden space 197632K, 100% used [0x00000000d7180000,0x00000000e3280000,0x00000000e3280000)
  from space 10240K, 0% used [0x00000000e3280000,0x00000000e3280000,0x00000000e3c80000)
  to   space 10240K, 0% used [0x00000000e9700000,0x00000000e9700000,0x00000000ea100000)
 ParOldGen       total 72704K, used 10913K [0x0000000085400000, 0x0000000089b00000, 0x00000000d7180000)
  object space 72704K, 15% used [0x0000000085400000,0x0000000085ea8760,0x0000000089b00000)
 Metaspace       used 44323K, capacity 45538K, committed 45824K, reserved 1089536K
  class space    used 5796K, capacity 6043K, committed 6144K, reserved 1048576K
Event: 10,215 GC heap after
Heap after GC invocations=12 (full 2):
 PSYoungGen      total 274944K, used 10210K [0x00000000d7180000, 0x00000000ea100000, 0x0000000100000000)
  eden space 264704K, 0% used [0x00000000d7180000,0x00000000d7180000,0x00000000e7400000)
  from space 10240K, 99% used [0x00000000e9700000,0x00000000ea0f8bf8,0x00000000ea100000)
  to   space 11264K, 0% used [0x00000000e8b00000,0x00000000e8b00000,0x00000000e9600000)
 ParOldGen       total 72704K, used 11323K [0x0000000085400000, 0x0000000089b00000, 0x00000000d7180000)
  object space 72704K, 15% used [0x0000000085400000,0x0000000085f0ee70,0x0000000089b00000)
 Metaspace       used 44323K, capacity 45538K, committed 45824K, reserved 1089536K
  class space    used 5796K, capacity 6043K, committed 6144K, reserved 1048576K
}

